<?xml version="1.0" encoding="UTF-8"?>
<testng-results ignored="0" total="1" passed="1" failed="0" skipped="0">
  <reporter-output>
  </reporter-output>
  <suite started-at="2023-06-04T00:18:50 MESZ" name="Default suite" finished-at="2023-06-04T00:19:55 MESZ" duration-ms="64891">
    <groups>
    </groups>
    <test started-at="2023-06-04T00:18:50 MESZ" name="Default test" finished-at="2023-06-04T00:19:55 MESZ" duration-ms="64891">
      <class name="com.testcases.WriteDataToExcel">
        <test-method signature="GetURL()[pri:0, instance:com.testcases.WriteDataToExcel@bae7dc0]" started-at="2023-06-04T00:18:50 MESZ" name="GetURL" finished-at="2023-06-04T00:19:55 MESZ" duration-ms="64854" status="PASS">
          <reporter-output>
          </reporter-output>
        </test-method> <!-- GetURL -->
      </class> <!-- com.testcases.WriteDataToExcel -->
    </test> <!-- Default test -->
  </suite> <!-- Default suite -->
</testng-results>
